app/build/intermediates/manifest_merge_blame_file/release/manifest-merger-blame-release-report.txt
1<?xml version="1.0" encoding="utf-8"?>
2<manifest xmlns:android="http://schemas.android.com/apk/res/android"
3    package="com.example.countnpass"
4    android:versionCode="1"
5    android:versionName="1.0" >
6
7    <uses-sdk
8        android:minSdkVersion="28"
8-->src/main/AndroidManifest.xml
9        android:targetSdkVersion="31" />
9-->src/main/AndroidManifest.xml
10
11    <uses-permission android:name="android.permission.VIBRATE" />
11-->src/main/AndroidManifest.xml:5:5-66
11-->src/main/AndroidManifest.xml:5:22-63
12
13    <application
13-->src/main/AndroidManifest.xml:7:5-36:19
14        android:allowBackup="true"
14-->src/main/AndroidManifest.xml:8:9-35
15        android:appComponentFactory="androidx.core.app.CoreComponentFactory"
15-->[androidx.core:core:1.5.0] AndroidManifest.xml:24:18-86
16        android:extractNativeLibs="false"
17        android:icon="@mipmap/ic_launcher"
17-->src/main/AndroidManifest.xml:9:9-43
18        android:label="@string/app_name"
18-->src/main/AndroidManifest.xml:10:9-41
19        android:roundIcon="@mipmap/ic_launcher_round"
19-->src/main/AndroidManifest.xml:11:9-54
20        android:supportsRtl="true"
20-->src/main/AndroidManifest.xml:12:9-35
21        android:theme="@style/Theme.CountNPass" >
21-->src/main/AndroidManifest.xml:13:9-48
22        <activity
22-->src/main/AndroidManifest.xml:14:9-22:20
23            android:name="com.example.countnpass.MainActivity"
23-->src/main/AndroidManifest.xml:15:13-41
24            android:exported="true" >
24-->src/main/AndroidManifest.xml:16:13-36
25            <intent-filter>
25-->src/main/AndroidManifest.xml:17:13-21:29
26                <action android:name="android.intent.action.MAIN" />
26-->src/main/AndroidManifest.xml:18:17-69
26-->src/main/AndroidManifest.xml:18:25-66
27
28                <category android:name="android.intent.category.LAUNCHER" />
28-->src/main/AndroidManifest.xml:20:17-77
28-->src/main/AndroidManifest.xml:20:27-74
29            </intent-filter>
30        </activity>
31        <activity android:name="com.example.countnpass.TaskActivity" />
31-->src/main/AndroidManifest.xml:24:9-49
31-->src/main/AndroidManifest.xml:24:19-46
32
33        <provider
33-->src/main/AndroidManifest.xml:26:9-34:20
34            android:name="androidx.core.content.FileProvider"
34-->src/main/AndroidManifest.xml:27:13-62
35            android:authorities="com.example.countnpass.fileprovider"
35-->src/main/AndroidManifest.xml:28:13-70
36            android:exported="false"
36-->src/main/AndroidManifest.xml:30:13-37
37            android:grantUriPermissions="true" >
37-->src/main/AndroidManifest.xml:29:13-47
38            <meta-data
38-->src/main/AndroidManifest.xml:31:13-33:53
39                android:name="android.support.FILE_PROVIDER_PATHS"
39-->src/main/AndroidManifest.xml:32:17-67
40                android:resource="@xml/filepaths" />
40-->src/main/AndroidManifest.xml:33:17-50
41        </provider>
42    </application>
43
44</manifest>